(0000) 3000  0011000000000000 (  16)                 .ORIG x3000
(3000) 5020  0101000000100000 (  22) START           AND   R0 R0 #0
(3001) 5220  0101001000100000 (  23)                 AND   R1 R0 #0
(3002) 5420  0101010000100000 (  24)                 AND   R2 R0 #0
(3003) 5620  0101011000100000 (  25)                 AND   R3 R0 #0
(3004) 5820  0101100000100000 (  26)                 AND   R4 R0 #0
(3005) 5A20  0101101000100000 (  27)                 AND   R5 R0 #0
(3006) 5C20  0101110000100000 (  28)                 AND   R6 R0 #0
(3007) 0001  0000000000000001 (  30) REINITIALIZE    .FILL x0001
(3008) 0001  0000000000000001 (  31) NEGATIVE1       .FILL x0001
(3009) 0001  0000000000000001 (  32) NEGATIVE2       .FILL x0001
(300A) 23FC  0010001111111100 (  34)                 LD    R1 REINITIALIZE
(300B) 33FC  0011001111111100 (  35)                 ST    R1 NEGATIVE1
(300C) 33FC  0011001111111100 (  36)                 ST    R1 NEGATIVE2
(300D) 3123  0011000100100011 (  38) FIRSTGREET      .FILL x3123
(300E) 313E  0011000100111110 (  39) SECONDGREET     .FILL x313E
(300F) 21FD  0010000111111101 (  43)                 LD    R0 FIRSTGREET
(3010) F022  1111000000100010 (  44)                 TRAP  x22
(3011) F020  1111000000100000 (  51) GETIN1          TRAP  x20
(3012) F021  1111000000100001 (  52)                 TRAP  x21
(3013) 22FB  0010001011111011 (  53)                 LD    R1 NEGCHECK
(3014) 24F9  0010010011111001 (  54)                 LD    R2 NEGOFFSET
(3015) 1001  0001000000000001 (  55)                 ADD   R0 R0 R1
(3016) 0202  0000001000000010 (  56)                 BRP   SKIPOV1
(3017) 31F0  0011000111110000 (  57)                 ST    R0 NEGATIVE1
(3018) 05F8  0000010111111000 (  59)                 BRZ   GETIN1
(3019) 1080  0001000010000000 (  64) SKIPOV1         ADD   R0 R2 R0
(301A) 30EE  0011000011101110 (  67)                 ST    R0 TENSPLACE1
(301B) F020  1111000000100000 (  72)                 TRAP  x20
(301C) F021  1111000000100001 (  73)                 TRAP  x21
(301D) 22EF  0010001011101111 (  74)                 LD    R1 OFFSET
(301E) 1001  0001000000000001 (  75)                 ADD   R0 R0 R1
(301F) 30EA  0011000011101010 (  76)                 ST    R0 ONESPLACE1
(3020) 21ED  0010000111101101 (  80)                 LD    R0 SECONDGREET
(3021) F022  1111000000100010 (  81)                 TRAP  x22
(3022) F020  1111000000100000 (  87) GETIN2          TRAP  x20
(3023) F021  1111000000100001 (  88)                 TRAP  x21
(3024) 22EA  0010001011101010 (  89)                 LD    R1 NEGCHECK
(3025) 24E8  0010010011101000 (  90)                 LD    R2 NEGOFFSET
(3026) 1001  0001000000000001 (  91)                 ADD   R0 R0 R1
(3027) 0202  0000001000000010 (  92)                 BRP   SKIPOV2
(3028) 31E0  0011000111100000 (  93)                 ST    R0 NEGATIVE2
(3029) 05F8  0000010111111000 (  95)                 BRZ   GETIN2
(302A) 1080  0001000010000000 ( 101) SKIPOV2         ADD   R0 R2 R0
(302B) 30DF  0011000011011111 ( 104)                 ST    R0 TENSPLACE2
(302C) F020  1111000000100000 ( 109)                 TRAP  x20
(302D) F021  1111000000100001 ( 110)                 TRAP  x21
(302E) 22DE  0010001011011110 ( 111)                 LD    R1 OFFSET
(302F) 1001  0001000000000001 ( 112)                 ADD   R0 R0 R1
(3030) 30DB  0011000011011011 ( 113)                 ST    R0 ONESPLACE2
(3031) 4812  0100100000010010 ( 117)                 JSR   DETERMINEFIRSTINPUT
(3032) 4823  0100100000100011 ( 118)                 JSR   DETERMINESECONDINPUT
(3033) 22D2  0010001011010010 ( 120)                 LD    R1 USERINPUT1
(3034) 0403  0000010000000011 ( 121)                 BRZ   INPUTISZERO
(3035) 22D1  0010001011010001 ( 122)                 LD    R1 USERINPUT2
(3036) 0401  0000010000000001 ( 123)                 BRZ   INPUTISZERO
(3037) 0202  0000001000000010 ( 124)                 BRP   NOTZERO
(3038) 4808  0100100000001000 ( 128) INPUTISZERO     JSR   ZERO
(3039) 0E06  0000111000000110 ( 129)                 BRNZP DONE
(303A) 482D  0100100000101101 ( 133) NOTZERO         JSR   CONVERTINPUT1
(303B) 484E  0100100001001110 ( 134)                 JSR   CONVERTINPUT2
(303C) 4871  0100100001110001 ( 135)                 JSR   CONPROSIGN
(303D) 4876  0100100001110110 ( 136)                 JSR   CONPROEXPO
(303E) 487D  0100100001111101 ( 137)                 JSR   CONMANT
(303F) 48BD  0100100010111101 ( 138)                 JSR   FINALPRODUCT
(3040) F025  1111000000100101 ( 143) DONE            TRAP  x25
(3041) 5220  0101001000100000 ( 152) ZERO            AND   R1 R0 #0
(3042) B2C5  1011001011000101 ( 153)                 STI   R1 STOREPRODUCT
(3043) C1C0  1100000111000000 ( 154)                 RET   
(3044) 5620  0101011000100000 ( 160) DETERMINEFIRSTINPUT AND   R3 R0 #0
(3045) 22C3  0010001011000011 ( 162)                 LD    R1 TENSPLACE1
(3046) 24D2  0010010011010010 ( 163)                 LD    R2 TENS
(3047) 28C2  0010100011000010 ( 164)                 LD    R4 ONESPLACE1
(3048) 16C1  0001011011000001 ( 168) ADDAGAIN1       ADD   R3 R3 R1
(3049) 14BF  0001010010111111 ( 169)                 ADD   R2 R2 #-1
(304A) 03FD  0000001111111101 ( 170)                 BRP   ADDAGAIN1
(304B) 16C4  0001011011000100 ( 171)                 ADD   R3 R3 R4
(304C) 36B9  0011011010111001 ( 172)                 ST    R3 USERINPUT1
(304D) 23BA  0010001110111010 ( 173)                 LD    R1 NEGATIVE1
(304E) 0401  0000010000000001 ( 174)                 BRZ   INVERT1
(304F) 0204  0000001000000100 ( 175)                 BRP   DONECONVERT1
(3050) 96FF  1001011011111111 ( 179) INVERT1         NOT   R3 R3
(3051) 16E1  0001011011100001 ( 180)                 ADD   R3 R3 #1
(3052) 36B1  0011011010110001 ( 181)                 ST    R3 USERDEC1
(3053) C1C0  1100000111000000 ( 182)                 RET   
(3054) 36AF  0011011010101111 ( 185) DONECONVERT1    ST    R3 USERDEC1
(3055) C1C0  1100000111000000 ( 186)                 RET   
(3056) 5620  0101011000100000 ( 193) DETERMINESECONDINPUT AND   R3 R0 #0
(3057) 22B3  0010001010110011 ( 195)                 LD    R1 TENSPLACE2
(3058) 24C0  0010010011000000 ( 196)                 LD    R2 TENS
(3059) 28B2  0010100010110010 ( 197)                 LD    R4 ONESPLACE2
(305A) 16C1  0001011011000001 ( 200) ADDAGAIN2       ADD   R3 R3 R1
(305B) 14BF  0001010010111111 ( 201)                 ADD   R2 R2 #-1
(305C) 03FD  0000001111111101 ( 202)                 BRP   ADDAGAIN2
(305D) 16C4  0001011011000100 ( 203)                 ADD   R3 R3 R4
(305E) 36A8  0011011010101000 ( 204)                 ST    R3 USERINPUT2
(305F) 23A9  0010001110101001 ( 205)                 LD    R1 NEGATIVE2
(3060) 0401  0000010000000001 ( 206)                 BRZ   INVERT2
(3061) 0204  0000001000000100 ( 207)                 BRP   DONECONVERT2
(3062) 96FF  1001011011111111 ( 211) INVERT2         NOT   R3 R3
(3063) 16E1  0001011011100001 ( 212)                 ADD   R3 R3 #1
(3064) 36A0  0011011010100000 ( 213)                 ST    R3 USERDEC2
(3065) C1C0  1100000111000000 ( 214)                 RET   
(3066) 369E  0011011010011110 ( 217) DONECONVERT2    ST    R3 USERDEC2
(3067) C1C0  1100000111000000 ( 218)                 RET   
(3068) 5620  0101011000100000 ( 224) CONVERTINPUT1   AND   R3 R0 #0
(3069) 5820  0101100000100000 ( 225)                 AND   R4 R0 #0
(306A) 229B  0010001010011011 ( 227)                 LD    R1 USERINPUT1
(306B) 24A4  0010010010100100 ( 228)                 LD    R2 BITMASK1
(306C) 2AAB  0010101010101011 ( 229)                 LD    R5 FIXERUPPER
(306D) 1241  0001001001000001 ( 232) LOOP1           ADD   R1 R1 R1
(306E) 16E1  0001011011100001 ( 233)                 ADD   R3 R3 #1
(306F) 5842  0101100001000010 ( 234)                 AND   R4 R1 R2
(3070) 05FC  0000010111111100 ( 235)                 BRZ   LOOP1
(3071) 32AE  0011001010101110 ( 237)                 ST    R1 USERMANT1
(3072) 94BF  1001010010111111 ( 239)                 NOT   R2 R2
(3073) 14A1  0001010010100001 ( 240)                 ADD   R2 R2 #1
(3074) 1242  0001001001000010 ( 241)                 ADD   R1 R1 R2
(3075) 5420  0101010000100000 ( 243)                 AND   R2 R0 #0
(3076) 5820  0101100000100000 ( 244)                 AND   R4 R0 #0
(3077) 2499  0010010010011001 ( 246)                 LD    R2 BITMASK2
(3078) 96FF  1001011011111111 ( 247)                 NOT   R3 R3
(3079) 16E1  0001011011100001 ( 248)                 ADD   R3 R3 #1
(307A) 1743  0001011101000011 ( 249)                 ADD   R3 R5 R3
(307B) 16C3  0001011011000011 ( 252) LOOP2           ADD   R3 R3 R3
(307C) 58C2  0101100011000010 ( 253)                 AND   R4 R3 R2
(307D) 05FD  0000010111111101 ( 254)                 BRZ   LOOP2
(307E) 1243  0001001001000011 ( 257)                 ADD   R1 R1 R3
(307F) 2692  0010011010010010 ( 260)                 LD    R3 BITMASK3
(3080) 2587  0010010110000111 ( 261)                 LD    R2 NEGATIVE1
(3081) 0201  0000001000000001 ( 262)                 BRP   STOREINPUT1
(3082) 12C1  0001001011000001 ( 263)                 ADD   R1 R3 R1
(3083) 2A8F  0010101010001111 ( 266) STOREINPUT1     LD    R5 BITMASK4
(3084) 5A45  0101101001000101 ( 267)                 AND   R5 R1 R5
(3085) 3A97  0011101010010111 ( 268)                 ST    R5 USER1EXPO
(3086) 5843  0101100001000011 ( 269)                 AND   R4 R1 R3
(3087) 3892  0011100010010010 ( 270)                 ST    R4 USER1SIGNBIT
(3088) 327D  0011001001111101 ( 271)                 ST    R1 USERINPUT1
(3089) C1C0  1100000111000000 ( 272)                 RET   
(308A) 5620  0101011000100000 ( 279) CONVERTINPUT2   AND   R3 R0 #0
(308B) 5820  0101100000100000 ( 280)                 AND   R4 R0 #0
(308C) 227A  0010001001111010 ( 282)                 LD    R1 USERINPUT2
(308D) 2482  0010010010000010 ( 283)                 LD    R2 BITMASK1
(308E) 2A89  0010101010001001 ( 284)                 LD    R5 FIXERUPPER
(308F) 1241  0001001001000001 ( 287) LOOP3           ADD   R1 R1 R1
(3090) 16E1  0001011011100001 ( 288)                 ADD   R3 R3 #1
(3091) 5842  0101100001000010 ( 289)                 AND   R4 R1 R2
(3092) 05FC  0000010111111100 ( 290)                 BRZ   LOOP3
(3093) 328D  0011001010001101 ( 292)                 ST    R1 USERMANT2
(3094) 94BF  1001010010111111 ( 294)                 NOT   R2 R2
(3095) 14A1  0001010010100001 ( 295)                 ADD   R2 R2 #1
(3096) 1242  0001001001000010 ( 296)                 ADD   R1 R1 R2
(3097) 5420  0101010000100000 ( 298)                 AND   R2 R0 #0
(3098) 5820  0101100000100000 ( 299)                 AND   R4 R0 #0
(3099) 2477  0010010001110111 ( 301)                 LD    R2 BITMASK2
(309A) 96FF  1001011011111111 ( 302)                 NOT   R3 R3
(309B) 16E1  0001011011100001 ( 303)                 ADD   R3 R3 #1
(309C) 1743  0001011101000011 ( 304)                 ADD   R3 R5 R3
(309D) 16C3  0001011011000011 ( 307) LOOP4           ADD   R3 R3 R3
(309E) 58C2  0101100011000010 ( 308)                 AND   R4 R3 R2
(309F) 05FD  0000010111111101 ( 309)                 BRZ   LOOP4
(30A0) 1243  0001001001000011 ( 311)                 ADD   R1 R1 R3
(30A1) 5420  0101010000100000 ( 313)                 AND   R2 R0 #0
(30A2) 5620  0101011000100000 ( 314)                 AND   R3 R0 #0
(30A3) 266E  0010011001101110 ( 315)                 LD    R3 BITMASK3
(30A4) 2564  0010010101100100 ( 316)                 LD    R2 NEGATIVE2
(30A5) 0201  0000001000000001 ( 317)                 BRP   STOREINPUT2
(30A6) 12C1  0001001011000001 ( 318)                 ADD   R1 R3 R1
(30A7) 2A6B  0010101001101011 ( 321) STOREINPUT2     LD    R5 BITMASK4
(30A8) 5A45  0101101001000101 ( 322)                 AND   R5 R1 R5
(30A9) 3A74  0011101001110100 ( 323)                 ST    R5 USER2EXPO
(30AA) 5843  0101100001000011 ( 324)                 AND   R4 R1 R3
(30AB) 386F  0011100001101111 ( 325)                 ST    R4 USER2SIGNBIT
(30AC) 325A  0011001001011010 ( 326)                 ST    R1 USERINPUT2
(30AD) C1C0  1100000111000000 ( 327)                 RET   
(30AE) 5620  0101011000100000 ( 338) CONPROSIGN      AND   R3 R0 #0
(30AF) 226A  0010001001101010 ( 340)                 LD    R1 USER1SIGNBIT
(30B0) 246A  0010010001101010 ( 341)                 LD    R2 USER2SIGNBIT
(30B1) 1642  0001011001000010 ( 343)                 ADD   R3 R1 R2
(30B2) 3669  0011011001101001 ( 344)                 ST    R3 PROSIGNBIT
(30B3) C1C0  1100000111000000 ( 346)                 RET   
(30B4) 5820  0101100000100000 ( 352) CONPROEXPO      AND   R4 R0 #0
(30B5) 2267  0010001001100111 ( 354)                 LD    R1 USER1EXPO
(30B6) 2467  0010010001100111 ( 355)                 LD    R2 USER2EXPO
(30B7) 265C  0010011001011100 ( 356)                 LD    R3 BITMASK5
(30B8) 1842  0001100001000010 ( 358)                 ADD   R4 R1 R2
(30B9) 1903  0001100100000011 ( 359)                 ADD   R4 R4 R3
(30BA) 3864  0011100001100100 ( 361)                 ST    R4 PROUSEREXPO
(30BB) C1C0  1100000111000000 ( 363)                 RET   
(30BC) 5620  0101011000100000 ( 369) CONMANT         AND   R3 R0 #0
(30BD) 5820  0101100000100000 ( 370)                 AND   R4 R0 #0
(30BE) 2261  0010001001100001 ( 372)                 LD    R1 USERMANT1
(30BF) 2456  0010010001010110 ( 373)                 LD    R2 DIVBY2
(30C0) 2A56  0010101001010110 ( 374)                 LD    R5 DIVCOUNTER
(30C1) 16E1  0001011011100001 ( 378) DIVLOOP1        ADD   R3 R3 #1
(30C2) 1242  0001001001000010 ( 379)                 ADD   R1 R1 R2
(30C3) 07FD  0000011111111101 ( 380)                 BRZP  DIVLOOP1
(30C4) 16FF  0001011011111111 ( 381)                 ADD   R3 R3 #-1
(30C5) 365A  0011011001011010 ( 382)                 ST    R3 USERMANT1
(30C6) 52C3  0101001011000011 ( 383)                 AND   R1 R3 R3
(30C7) 5620  0101011000100000 ( 384)                 AND   R3 R0 #0
(30C8) 1B61  0001101101100001 ( 385)                 ADD   R5 R5 #1
(30C9) 09F7  0000100111110111 ( 386)                 BRN   DIVLOOP1
(30CA) 2256  0010001001010110 ( 388)                 LD    R1 USERMANT2
(30CB) 2A4B  0010101001001011 ( 389)                 LD    R5 DIVCOUNTER
(30CC) 16E1  0001011011100001 ( 393) DIVLOOP2        ADD   R3 R3 #1
(30CD) 1242  0001001001000010 ( 394)                 ADD   R1 R1 R2
(30CE) 07FD  0000011111111101 ( 395)                 BRZP  DIVLOOP2
(30CF) 16FF  0001011011111111 ( 396)                 ADD   R3 R3 #-1
(30D0) 3650  0011011001010000 ( 397)                 ST    R3 USERMANT2
(30D1) 52C3  0101001011000011 ( 398)                 AND   R1 R3 R3
(30D2) 5620  0101011000100000 ( 399)                 AND   R3 R0 #0
(30D3) 1B61  0001101101100001 ( 400)                 ADD   R5 R5 #1
(30D4) 09F7  0000100111110111 ( 401)                 BRN   DIVLOOP2
(30D5) 224A  0010001001001010 ( 403)                 LD    R1 USERMANT1
(30D6) 244A  0010010001001010 ( 404)                 LD    R2 USERMANT2
(30D7) 56E0  0101011011100000 ( 405)                 AND   R3 R3 #0
(30D8) 16C1  0001011011000001 ( 409) MULTLOOP        ADD   R3 R3 R1
(30D9) 14BF  0001010010111111 ( 410)                 ADD   R2 R2 #-1
(30DA) 03FD  0000001111111101 ( 411)                 BRP   MULTLOOP
(30DB) 5A20  0101101000100000 ( 413)                 AND   R5 R0 #0
(30DC) 5C20  0101110000100000 ( 414)                 AND   R6 R0 #0
(30DD) 2237  0010001000110111 ( 415)                 LD    R1 BITMASK6
(30DE) 5AC1  0101101011000001 ( 417)                 AND   R5 R3 R1
(30DF) 0406  0000010000000110 ( 418)                 BRZ   SHIFTBACK
(30E0) 3641  0011011001000001 ( 420)                 ST    R3 USERMANTPRO
(30E1) 5620  0101011000100000 ( 421)                 AND   R3 R0 #0
(30E2) 223C  0010001000111100 ( 423)                 LD    R1 PROUSEREXPO
(30E3) 242C  0010010000101100 ( 424)                 LD    R2 BITMASK1
(30E4) 1242  0001001001000010 ( 425)                 ADD   R1 R1 R2
(30E5) 3239  0011001000111001 ( 426)                 ST    R1 PROUSEREXPO
(30E6) 223B  0010001000111011 ( 430) SHIFTBACK       LD    R1 USERMANTPRO
(30E7) 242E  0010010000101110 ( 431)                 LD    R2 DIVBY2
(30E8) 2B1E  0010101100011110 ( 432)                 LD    R5 REINITIALIZE
(30E9) 16E1  0001011011100001 ( 436) DIVLOOP3        ADD   R3 R3 #1
(30EA) 1242  0001001001000010 ( 437)                 ADD   R1 R1 R2
(30EB) 07FD  0000011111111101 ( 438)                 BRZP  DIVLOOP3
(30EC) 16FF  0001011011111111 ( 439)                 ADD   R3 R3 #-1
(30ED) 3634  0011011000110100 ( 440)                 ST    R3 USERMANTPRO
(30EE) 52C3  0101001011000011 ( 441)                 AND   R1 R3 R3
(30EF) 5620  0101011000100000 ( 442)                 AND   R3 R0 #0
(30F0) 5D41  0101110101000001 ( 443)                 AND   R6 R5 R1
(30F1) 05F7  0000010111110111 ( 444)                 BRZ   DIVLOOP3
(30F2) 241D  0010010000011101 ( 450) SHIFTLEFT       LD    R2 BITMASK1
(30F3) 5A42  0101101001000010 ( 451)                 AND   R5 R1 R2
(30F4) 0203  0000001000000011 ( 452)                 BRP   FINISH
(30F5) 1241  0001001001000001 ( 453)                 ADD   R1 R1 R1
(30F6) 5842  0101100001000010 ( 455)                 AND   R4 R1 R2
(30F7) 05FA  0000010111111010 ( 456)                 BRZ   SHIFTLEFT
(30F8) 94BF  1001010010111111 ( 460) FINISH          NOT   R2 R2
(30F9) 14A1  0001010010100001 ( 461)                 ADD   R2 R2 #1
(30FA) 1242  0001001001000010 ( 462)                 ADD   R1 R1 R2
(30FB) 3226  0011001000100110 ( 464)                 ST    R1 USERMANTPRO
(30FC) C1C0  1100000111000000 ( 466)                 RET   
(30FD) 221E  0010001000011110 ( 474) FINALPRODUCT    LD    R1 PROSIGNBIT
(30FE) 2420  0010010000100000 ( 475)                 LD    R2 PROUSEREXPO
(30FF) 2622  0010011000100010 ( 476)                 LD    R3 USERMANTPRO
(3100) 1242  0001001001000010 ( 478)                 ADD   R1 R1 R2
(3101) 12C1  0001001011000001 ( 479)                 ADD   R1 R3 R1
(3102) B205  1011001000000101 ( 481)                 STI   R1 STOREPRODUCT
(3103) C1C0  1100000111000000 ( 483)                 RET   
(3104) 0000  0000000000000000 ( 487) USERDEC1        .FILL x0000
(3105) 0000  0000000000000000 ( 488) USERDEC2        .FILL x0000
(3106) 0000  0000000000000000 ( 489) USERINPUT1      .FILL x0000
(3107) 0000  0000000000000000 ( 490) USERINPUT2      .FILL x0000
(3108) 3200  0011001000000000 ( 491) STOREPRODUCT    .FILL x3200
(3109) 0000  0000000000000000 ( 492) TENSPLACE1      .FILL x0000
(310A) 0000  0000000000000000 ( 493) ONESPLACE1      .FILL x0000
(310B) 0000  0000000000000000 ( 494) TENSPLACE2      .FILL x0000
(310C) 0000  0000000000000000 ( 495) ONESPLACE2      .FILL x0000
(310D) FFD0  1111111111010000 ( 496) OFFSET          .FILL xFFD0
(310E) FFFD  1111111111111101 ( 497) NEGOFFSET       .FILL xFFFD
(310F) FFD3  1111111111010011 ( 498) NEGCHECK        .FILL xFFD3
(3110) 0400  0000010000000000 ( 499) BITMASK1        .FILL x0400
(3111) 4000  0100000000000000 ( 500) BITMASK2        .FILL x4000
(3112) 8000  1000000000000000 ( 501) BITMASK3        .FILL x8000
(3113) 7C00  0111110000000000 ( 502) BITMASK4        .FILL x7C00
(3114) C400  1100010000000000 ( 503) BITMASK5        .FILL xC400
(3115) 2000  0010000000000000 ( 504) BITMASK6        .FILL x2000
(3116) FFFE  1111111111111110 ( 505) DIVBY2          .FILL xFFFE
(3117) FFFC  1111111111111100 ( 506) DIVCOUNTER      .FILL xFFFC
(3118) 0019  0000000000011001 ( 507) FIXERUPPER      .FILL x0019
(3119) 000A  0000000000001010 ( 508) TENS            .FILL x000A
(311A) 0000  0000000000000000 ( 509) USER1SIGNBIT    .FILL x0000
(311B) 0000  0000000000000000 ( 510) USER2SIGNBIT    .FILL x0000
(311C) 0000  0000000000000000 ( 511) PROSIGNBIT      .FILL x0000
(311D) 0000  0000000000000000 ( 512) USER1EXPO       .FILL x0000
(311E) 0000  0000000000000000 ( 513) USER2EXPO       .FILL x0000
(311F) 0000  0000000000000000 ( 514) PROUSEREXPO     .FILL x0000
(3120) 0000  0000000000000000 ( 515) USERMANT1       .FILL x0000
(3121) 0000  0000000000000000 ( 516) USERMANT2       .FILL x0000
(3122) 0000  0000000000000000 ( 517) USERMANTPRO     .FILL x0000
(3123) 0045  0000000001000101 ( 520) GREETING1       .FILL x0045
(3124) 006E  0000000001101110 ( 520)                 .FILL x006E
(3125) 0074  0000000001110100 ( 520)                 .FILL x0074
(3126) 0065  0000000001100101 ( 520)                 .FILL x0065
(3127) 0072  0000000001110010 ( 520)                 .FILL x0072
(3128) 0020  0000000000100000 ( 520)                 .FILL x0020
(3129) 0061  0000000001100001 ( 520)                 .FILL x0061
(312A) 0020  0000000000100000 ( 520)                 .FILL x0020
(312B) 0074  0000000001110100 ( 520)                 .FILL x0074
(312C) 0077  0000000001110111 ( 520)                 .FILL x0077
(312D) 006F  0000000001101111 ( 520)                 .FILL x006F
(312E) 0020  0000000000100000 ( 520)                 .FILL x0020
(312F) 0064  0000000001100100 ( 520)                 .FILL x0064
(3130) 0069  0000000001101001 ( 520)                 .FILL x0069
(3131) 0067  0000000001100111 ( 520)                 .FILL x0067
(3132) 0069  0000000001101001 ( 520)                 .FILL x0069
(3133) 0074  0000000001110100 ( 520)                 .FILL x0074
(3134) 0020  0000000000100000 ( 520)                 .FILL x0020
(3135) 006E  0000000001101110 ( 520)                 .FILL x006E
(3136) 0075  0000000001110101 ( 520)                 .FILL x0075
(3137) 006D  0000000001101101 ( 520)                 .FILL x006D
(3138) 0062  0000000001100010 ( 520)                 .FILL x0062
(3139) 0065  0000000001100101 ( 520)                 .FILL x0065
(313A) 0072  0000000001110010 ( 520)                 .FILL x0072
(313B) 003A  0000000000111010 ( 520)                 .FILL x003A
(313C) 0020  0000000000100000 ( 520)                 .FILL x0020
(313D) 0000  0000000000000000 ( 520)                 .FILL x0000
(313E) 000A  0000000000001010 ( 521) GREETING2       .FILL x000A
(313F) 0045  0000000001000101 ( 521)                 .FILL x0045
(3140) 006E  0000000001101110 ( 521)                 .FILL x006E
(3141) 0074  0000000001110100 ( 521)                 .FILL x0074
(3142) 0065  0000000001100101 ( 521)                 .FILL x0065
(3143) 0072  0000000001110010 ( 521)                 .FILL x0072
(3144) 0020  0000000000100000 ( 521)                 .FILL x0020
(3145) 0061  0000000001100001 ( 521)                 .FILL x0061
(3146) 0020  0000000000100000 ( 521)                 .FILL x0020
(3147) 0074  0000000001110100 ( 521)                 .FILL x0074
(3148) 0077  0000000001110111 ( 521)                 .FILL x0077
(3149) 006F  0000000001101111 ( 521)                 .FILL x006F
(314A) 0020  0000000000100000 ( 521)                 .FILL x0020
(314B) 0064  0000000001100100 ( 521)                 .FILL x0064
(314C) 0069  0000000001101001 ( 521)                 .FILL x0069
(314D) 0067  0000000001100111 ( 521)                 .FILL x0067
(314E) 0069  0000000001101001 ( 521)                 .FILL x0069
(314F) 0074  0000000001110100 ( 521)                 .FILL x0074
(3150) 0020  0000000000100000 ( 521)                 .FILL x0020
(3151) 006E  0000000001101110 ( 521)                 .FILL x006E
(3152) 0075  0000000001110101 ( 521)                 .FILL x0075
(3153) 006D  0000000001101101 ( 521)                 .FILL x006D
(3154) 0062  0000000001100010 ( 521)                 .FILL x0062
(3155) 0065  0000000001100101 ( 521)                 .FILL x0065
(3156) 0072  0000000001110010 ( 521)                 .FILL x0072
(3157) 003A  0000000000111010 ( 521)                 .FILL x003A
(3158) 0020  0000000000100000 ( 521)                 .FILL x0020
(3159) 0000  0000000000000000 ( 521)                 .FILL x0000
