(0000) 3000  0011000000000000 (  13)                 .ORIG x3000
(3000) 5020  0101000000100000 (  18) START           AND   R0 R0 #0
(3001) 5220  0101001000100000 (  19)                 AND   R1 R0 #0
(3002) 5420  0101010000100000 (  20)                 AND   R2 R0 #0
(3003) 5620  0101011000100000 (  21)                 AND   R3 R0 #0
(3004) 5820  0101100000100000 (  22)                 AND   R4 R0 #0
(3005) E03D  1110000000111101 (  25)                 LEA   R0 GREETING
(3006) F022  1111000000100010 (  26)                 TRAP  x22
(3007) E067  1110000001100111 (  29)                 LEA   R0 ENTERNUMBER
(3008) F022  1111000000100010 (  30)                 TRAP  x22
(3009) F020  1111000000100000 (  34)                 TRAP  x20
(300A) F021  1111000000100001 (  35)                 TRAP  x21
(300B) 30CF  0011000011001111 (  38)                 ST    R0 USERINPUT
(300C) 22CE  0010001011001110 (  39)                 LD    R1 USERINPUT
(300D) 24D3  0010010011010011 (  40)                 LD    R2 ASCII
(300E) 1642  0001011001000010 (  41)                 ADD   R3 R1 R2
(300F) 36CB  0011011011001011 (  42)                 ST    R3 USERINPUT
(3010) E085  1110000010000101 (  45)                 LEA   R0 ENTERNUMBER2
(3011) F022  1111000000100010 (  46)                 TRAP  x22
(3012) F020  1111000000100000 (  50)                 TRAP  x20
(3013) F021  1111000000100001 (  51)                 TRAP  x21
(3014) 30C7  0011000011000111 (  54)                 ST    R0 USERINPUT2
(3015) 22C6  0010001011000110 (  55)                 LD    R1 USERINPUT2
(3016) 24CA  0010010011001010 (  56)                 LD    R2 ASCII
(3017) 1642  0001011001000010 (  57)                 ADD   R3 R1 R2
(3018) 36C3  0011011011000011 (  58)                 ST    R3 USERINPUT2
(3019) 4805  0100100000000101 (  61)                 JSR   SUBTRACT
(301A) 480E  0100100000001110 (  64)                 JSR   MULTIPLICATION
(301B) 4817  0100100000010111 (  67)                 JSR   DIVISION
(301C) E0A6  1110000010100110 (  70)                 LEA   R0 CALCFINISHED
(301D) F022  1111000000100010 (  71)                 TRAP  x22
(301E) F025  1111000000100101 (  74)                 TRAP  x25
(301F) 5260  0101001001100000 (  79) SUBTRACT        AND   R1 R1 #0
(3020) 54A0  0101010010100000 (  80)                 AND   R2 R2 #0
(3021) 56E0  0101011011100000 (  81)                 AND   R3 R3 #0
(3022) 22B8  0010001010111000 (  82)                 LD    R1 USERINPUT
(3023) 24B8  0010010010111000 (  83)                 LD    R2 USERINPUT2
(3024) 96BF  1001011010111111 (  84)                 NOT   R3 R2
(3025) 16E1  0001011011100001 (  85)                 ADD   R3 R3 #1
(3026) 1643  0001011001000011 (  86)                 ADD   R3 R1 R3
(3027) B6B5  1011011010110101 (  87)                 STI   R3 SUBTRACTED
(3028) C1C0  1100000111000000 (  88)                 RET   
(3029) 5220  0101001000100000 (  93) MULTIPLICATION  AND   R1 R0 #0
(302A) 5420  0101010000100000 (  94)                 AND   R2 R0 #0
(302B) 5620  0101011000100000 (  95)                 AND   R3 R0 #0
(302C) 22AE  0010001010101110 (  96)                 LD    R1 USERINPUT
(302D) 24AE  0010010010101110 (  97)                 LD    R2 USERINPUT2
(302E) 16C1  0001011011000001 (  98) ITSELF          ADD   R3 R3 R1
(302F) 14BF  0001010010111111 (  99)                 ADD   R2 R2 #-1
(3030) 03FD  0000001111111101 ( 100)                 BRP   ITSELF
(3031) B6AC  1011011010101100 ( 101)                 STI   R3 MULTIPLIED
(3032) C1C0  1100000111000000 ( 102)                 RET   
(3033) 5220  0101001000100000 ( 108) DIVISION        AND   R1 R0 #0
(3034) 5420  0101010000100000 ( 109)                 AND   R2 R0 #0
(3035) 5620  0101011000100000 ( 110)                 AND   R3 R0 #0
(3036) 22A4  0010001010100100 ( 111)                 LD    R1 USERINPUT
(3037) 24A4  0010010010100100 ( 112)                 LD    R2 USERINPUT2
(3038) 96BF  1001011010111111 ( 113)                 NOT   R3 R2
(3039) 16E1  0001011011100001 ( 114)                 ADD   R3 R3 #1
(303A) 1921  0001100100100001 ( 115) SUBA            ADD   R4 R4 #1
(303B) 1243  0001001001000011 ( 116)                 ADD   R1 R1 R3
(303C) 03FD  0000001111111101 ( 117)                 BRP   SUBA
(303D) 0402  0000010000000010 ( 118)                 BRZ   DONE
(303E) 193F  0001100100111111 ( 119)                 ADD   R4 R4 #-1
(303F) 1242  0001001001000010 ( 120)                 ADD   R1 R1 R2
(3040) B89E  1011100010011110 ( 121) DONE            STI   R4 DIVIDED
(3041) B29E  1011001010011110 ( 122)                 STI   R1 REMAINDER
(3042) C1C0  1100000111000000 ( 123)                 RET   
(3043) 000A  0000000000001010 ( 128) GREETING        .FILL x000A
(3044) 0057  0000000001010111 ( 128)                 .FILL x0057
(3045) 0065  0000000001100101 ( 128)                 .FILL x0065
(3046) 006C  0000000001101100 ( 128)                 .FILL x006C
(3047) 0063  0000000001100011 ( 128)                 .FILL x0063
(3048) 006F  0000000001101111 ( 128)                 .FILL x006F
(3049) 006D  0000000001101101 ( 128)                 .FILL x006D
(304A) 0065  0000000001100101 ( 128)                 .FILL x0065
(304B) 0020  0000000000100000 ( 128)                 .FILL x0020
(304C) 0074  0000000001110100 ( 128)                 .FILL x0074
(304D) 006F  0000000001101111 ( 128)                 .FILL x006F
(304E) 0020  0000000000100000 ( 128)                 .FILL x0020
(304F) 0074  0000000001110100 ( 128)                 .FILL x0074
(3050) 0068  0000000001101000 ( 128)                 .FILL x0068
(3051) 0065  0000000001100101 ( 128)                 .FILL x0065
(3052) 0020  0000000000100000 ( 128)                 .FILL x0020
(3053) 004A  0000000001001010 ( 128)                 .FILL x004A
(3054) 0061  0000000001100001 ( 128)                 .FILL x0061
(3055) 0073  0000000001110011 ( 128)                 .FILL x0073
(3056) 006F  0000000001101111 ( 128)                 .FILL x006F
(3057) 006E  0000000001101110 ( 128)                 .FILL x006E
(3058) 0020  0000000000100000 ( 128)                 .FILL x0020
(3059) 004F  0000000001001111 ( 128)                 .FILL x004F
(305A) 0075  0000000001110101 ( 128)                 .FILL x0075
(305B) 0027  0000000000100111 ( 128)                 .FILL x0027
(305C) 0073  0000000001110011 ( 128)                 .FILL x0073
(305D) 0020  0000000000100000 ( 128)                 .FILL x0020
(305E) 004C  0000000001001100 ( 128)                 .FILL x004C
(305F) 0043  0000000001000011 ( 128)                 .FILL x0043
(3060) 002D  0000000000101101 ( 128)                 .FILL x002D
(3061) 0033  0000000000110011 ( 128)                 .FILL x0033
(3062) 0020  0000000000100000 ( 128)                 .FILL x0020
(3063) 0063  0000000001100011 ( 128)                 .FILL x0063
(3064) 0061  0000000001100001 ( 128)                 .FILL x0061
(3065) 006C  0000000001101100 ( 128)                 .FILL x006C
(3066) 0063  0000000001100011 ( 128)                 .FILL x0063
(3067) 0075  0000000001110101 ( 128)                 .FILL x0075
(3068) 006C  0000000001101100 ( 128)                 .FILL x006C
(3069) 0061  0000000001100001 ( 128)                 .FILL x0061
(306A) 0074  0000000001110100 ( 128)                 .FILL x0074
(306B) 006F  0000000001101111 ( 128)                 .FILL x006F
(306C) 0072  0000000001110010 ( 128)                 .FILL x0072
(306D) 002E  0000000000101110 ( 128)                 .FILL x002E
(306E) 0000  0000000000000000 ( 128)                 .FILL x0000
(306F) 000A  0000000000001010 ( 129) ENTERNUMBER     .FILL x000A
(3070) 0050  0000000001010000 ( 129)                 .FILL x0050
(3071) 006C  0000000001101100 ( 129)                 .FILL x006C
(3072) 0065  0000000001100101 ( 129)                 .FILL x0065
(3073) 0061  0000000001100001 ( 129)                 .FILL x0061
(3074) 0073  0000000001110011 ( 129)                 .FILL x0073
(3075) 0065  0000000001100101 ( 129)                 .FILL x0065
(3076) 0020  0000000000100000 ( 129)                 .FILL x0020
(3077) 0065  0000000001100101 ( 129)                 .FILL x0065
(3078) 006E  0000000001101110 ( 129)                 .FILL x006E
(3079) 0074  0000000001110100 ( 129)                 .FILL x0074
(307A) 0065  0000000001100101 ( 129)                 .FILL x0065
(307B) 0072  0000000001110010 ( 129)                 .FILL x0072
(307C) 0020  0000000000100000 ( 129)                 .FILL x0020
(307D) 0061  0000000001100001 ( 129)                 .FILL x0061
(307E) 0020  0000000000100000 ( 129)                 .FILL x0020
(307F) 0073  0000000001110011 ( 129)                 .FILL x0073
(3080) 0069  0000000001101001 ( 129)                 .FILL x0069
(3081) 006E  0000000001101110 ( 129)                 .FILL x006E
(3082) 0067  0000000001100111 ( 129)                 .FILL x0067
(3083) 006C  0000000001101100 ( 129)                 .FILL x006C
(3084) 0065  0000000001100101 ( 129)                 .FILL x0065
(3085) 0020  0000000000100000 ( 129)                 .FILL x0020
(3086) 0064  0000000001100100 ( 129)                 .FILL x0064
(3087) 0069  0000000001101001 ( 129)                 .FILL x0069
(3088) 0067  0000000001100111 ( 129)                 .FILL x0067
(3089) 0069  0000000001101001 ( 129)                 .FILL x0069
(308A) 0074  0000000001110100 ( 129)                 .FILL x0074
(308B) 0020  0000000000100000 ( 129)                 .FILL x0020
(308C) 006E  0000000001101110 ( 129)                 .FILL x006E
(308D) 0075  0000000001110101 ( 129)                 .FILL x0075
(308E) 006D  0000000001101101 ( 129)                 .FILL x006D
(308F) 0062  0000000001100010 ( 129)                 .FILL x0062
(3090) 0065  0000000001100101 ( 129)                 .FILL x0065
(3091) 0072  0000000001110010 ( 129)                 .FILL x0072
(3092) 0020  0000000000100000 ( 129)                 .FILL x0020
(3093) 003A  0000000000111010 ( 129)                 .FILL x003A
(3094) 0020  0000000000100000 ( 129)                 .FILL x0020
(3095) 0000  0000000000000000 ( 129)                 .FILL x0000
(3096) 000A  0000000000001010 ( 130) ENTERNUMBER2    .FILL x000A
(3097) 0050  0000000001010000 ( 130)                 .FILL x0050
(3098) 006C  0000000001101100 ( 130)                 .FILL x006C
(3099) 0065  0000000001100101 ( 130)                 .FILL x0065
(309A) 0061  0000000001100001 ( 130)                 .FILL x0061
(309B) 0073  0000000001110011 ( 130)                 .FILL x0073
(309C) 0065  0000000001100101 ( 130)                 .FILL x0065
(309D) 0020  0000000000100000 ( 130)                 .FILL x0020
(309E) 0065  0000000001100101 ( 130)                 .FILL x0065
(309F) 006E  0000000001101110 ( 130)                 .FILL x006E
(30A0) 0074  0000000001110100 ( 130)                 .FILL x0074
(30A1) 0065  0000000001100101 ( 130)                 .FILL x0065
(30A2) 0072  0000000001110010 ( 130)                 .FILL x0072
(30A3) 0020  0000000000100000 ( 130)                 .FILL x0020
(30A4) 0061  0000000001100001 ( 130)                 .FILL x0061
(30A5) 006E  0000000001101110 ( 130)                 .FILL x006E
(30A6) 006F  0000000001101111 ( 130)                 .FILL x006F
(30A7) 0074  0000000001110100 ( 130)                 .FILL x0074
(30A8) 0068  0000000001101000 ( 130)                 .FILL x0068
(30A9) 0065  0000000001100101 ( 130)                 .FILL x0065
(30AA) 0072  0000000001110010 ( 130)                 .FILL x0072
(30AB) 0020  0000000000100000 ( 130)                 .FILL x0020
(30AC) 0073  0000000001110011 ( 130)                 .FILL x0073
(30AD) 0069  0000000001101001 ( 130)                 .FILL x0069
(30AE) 006E  0000000001101110 ( 130)                 .FILL x006E
(30AF) 0067  0000000001100111 ( 130)                 .FILL x0067
(30B0) 006C  0000000001101100 ( 130)                 .FILL x006C
(30B1) 0065  0000000001100101 ( 130)                 .FILL x0065
(30B2) 0020  0000000000100000 ( 130)                 .FILL x0020
(30B3) 0064  0000000001100100 ( 130)                 .FILL x0064
(30B4) 0069  0000000001101001 ( 130)                 .FILL x0069
(30B5) 0067  0000000001100111 ( 130)                 .FILL x0067
(30B6) 0069  0000000001101001 ( 130)                 .FILL x0069
(30B7) 0074  0000000001110100 ( 130)                 .FILL x0074
(30B8) 0020  0000000000100000 ( 130)                 .FILL x0020
(30B9) 006E  0000000001101110 ( 130)                 .FILL x006E
(30BA) 0075  0000000001110101 ( 130)                 .FILL x0075
(30BB) 006D  0000000001101101 ( 130)                 .FILL x006D
(30BC) 0062  0000000001100010 ( 130)                 .FILL x0062
(30BD) 0065  0000000001100101 ( 130)                 .FILL x0065
(30BE) 0072  0000000001110010 ( 130)                 .FILL x0072
(30BF) 0020  0000000000100000 ( 130)                 .FILL x0020
(30C0) 003A  0000000000111010 ( 130)                 .FILL x003A
(30C1) 0020  0000000000100000 ( 130)                 .FILL x0020
(30C2) 0000  0000000000000000 ( 130)                 .FILL x0000
(30C3) 000A  0000000000001010 ( 131) CALCFINISHED    .FILL x000A
(30C4) 0043  0000000001000011 ( 131)                 .FILL x0043
(30C5) 0061  0000000001100001 ( 131)                 .FILL x0061
(30C6) 006C  0000000001101100 ( 131)                 .FILL x006C
(30C7) 0063  0000000001100011 ( 131)                 .FILL x0063
(30C8) 0075  0000000001110101 ( 131)                 .FILL x0075
(30C9) 006C  0000000001101100 ( 131)                 .FILL x006C
(30CA) 0061  0000000001100001 ( 131)                 .FILL x0061
(30CB) 0074  0000000001110100 ( 131)                 .FILL x0074
(30CC) 0069  0000000001101001 ( 131)                 .FILL x0069
(30CD) 006F  0000000001101111 ( 131)                 .FILL x006F
(30CE) 006E  0000000001101110 ( 131)                 .FILL x006E
(30CF) 0073  0000000001110011 ( 131)                 .FILL x0073
(30D0) 0020  0000000000100000 ( 131)                 .FILL x0020
(30D1) 0043  0000000001000011 ( 131)                 .FILL x0043
(30D2) 006F  0000000001101111 ( 131)                 .FILL x006F
(30D3) 006D  0000000001101101 ( 131)                 .FILL x006D
(30D4) 0070  0000000001110000 ( 131)                 .FILL x0070
(30D5) 006C  0000000001101100 ( 131)                 .FILL x006C
(30D6) 0065  0000000001100101 ( 131)                 .FILL x0065
(30D7) 0074  0000000001110100 ( 131)                 .FILL x0074
(30D8) 0065  0000000001100101 ( 131)                 .FILL x0065
(30D9) 002E  0000000000101110 ( 131)                 .FILL x002E
(30DA) 0000  0000000000000000 ( 131)                 .FILL x0000
(30DB) 0000  0000000000000000 ( 134) USERINPUT       .FILL x0000
(30DC) 0000  0000000000000000 ( 135) USERINPUT2      .FILL x0000
(30DD) 3100  0011000100000000 ( 136) SUBTRACTED      .FILL x3100
(30DE) 3101  0011000100000001 ( 137) MULTIPLIED      .FILL x3101
(30DF) 3102  0011000100000010 ( 138) DIVIDED         .FILL x3102
(30E0) 3103  0011000100000011 ( 139) REMAINDER       .FILL x3103
(30E1) FFD0  1111111111010000 ( 140) ASCII           .FILL xFFD0
